<?xml version="1.0" encoding="UTF-8"?>
<testng-results ignored="0" total="1" passed="1" failed="0" skipped="0">
  <reporter-output>
  </reporter-output>
  <suite started-at="2024-07-04T18:15:19 CEST" name="Tests" finished-at="2024-07-04T18:15:30 CEST" duration-ms="11029">
    <groups>
    </groups>
    <test started-at="2024-07-04T18:15:19 CEST" name="Test2" finished-at="2024-07-04T18:15:30 CEST" duration-ms="11029">
      <class name="com.demoqa.tests.LoginTests">
        <test-method is-config="true" signature="init(java.lang.reflect.Method)[pri:0, instance:com.demoqa.tests.LoginTests@696da30b]" started-at="2024-07-04T18:15:19 CEST" name="init" finished-at="2024-07-04T18:15:25 CEST" duration-ms="5706" status="PASS">
          <params>
            <param index="0">
              <value>
                <![CDATA[public void com.demoqa.tests.LoginTests.LoginPositiveTest()]]>
              </value>
            </param>
          </params>
          <reporter-output>
          </reporter-output>
        </test-method> <!-- init -->
        <test-method is-config="true" signature="precondition()[pri:0, instance:com.demoqa.tests.LoginTests@696da30b]" started-at="2024-07-04T18:15:25 CEST" name="precondition" finished-at="2024-07-04T18:15:25 CEST" duration-ms="482" status="PASS">
          <reporter-output>
          </reporter-output>
        </test-method> <!-- precondition -->
        <test-method signature="LoginPositiveTest()[pri:0, instance:com.demoqa.tests.LoginTests@696da30b]" started-at="2024-07-04T18:15:25 CEST" name="LoginPositiveTest" finished-at="2024-07-04T18:15:28 CEST" duration-ms="3384" status="PASS">
          <reporter-output>
          </reporter-output>
        </test-method> <!-- LoginPositiveTest -->
        <test-method is-config="true" signature="tearDown(org.testng.ITestResult)[pri:0, instance:com.demoqa.tests.LoginTests@696da30b]" started-at="2024-07-04T18:15:28 CEST" name="tearDown" finished-at="2024-07-04T18:15:30 CEST" duration-ms="1391" status="PASS">
          <params>
            <param index="0">
              <value>
                <![CDATA[[TestResult name=LoginPositiveTest status=SUCCESS method=LoginTests.LoginPositiveTest()[pri:0, instance:com.demoqa.tests.LoginTests@696da30b] output={null}]]]>
              </value>
            </param>
          </params>
          <reporter-output>
          </reporter-output>
        </test-method> <!-- tearDown -->
      </class> <!-- com.demoqa.tests.LoginTests -->
    </test> <!-- Test2 -->
  </suite> <!-- Tests -->
</testng-results>
